[ 2015-05-31T09:27:39+08:00 ] 127.0.0.1 /thinktmp/
INFO: [ app_begin ] --START--
INFO: ReadHtmlCache Behavior ::run [ RunTime:0.001130s ]
INFO: [ app_begin ] --END-- [ RunTime:0.001236s ]
INFO: [ view_parse ] --START--
INFO: ParseTemplate Behavior ::run [ RunTime:0.021194s ]
INFO: [ view_parse ] --END-- [ RunTime:0.021314s ]
INFO: [ view_filter ] --START--
NOTIC: [8] Use of undefined constant APP_TMPL_PATH - assumed 'APP_TMPL_PATH' G:\www\ThinkPHP\Lib\Behavior\ContentReplaceBehavior.class.php 第 40 行.
NOTIC: [8] Use of undefined constant APP_TMPL_PATH - assumed 'APP_TMPL_PATH' G:\www\ThinkPHP\Lib\Behavior\ContentReplaceBehavior.class.php 第 47 行.
INFO: ContentReplace Behavior ::run [ RunTime:0.000979s ]
INFO: TokenBuild Behavior ::run [ RunTime:0.000824s ]
INFO: WriteHtmlCache Behavior ::run [ RunTime:0.000661s ]
INFO: ShowRuntime Behavior ::run [ RunTime:0.000896s ]
INFO: [ view_filter ] --END-- [ RunTime:0.003588s ]
INFO: [ view_end ] --START--
INFO: ShowPageTrace Behavior ::run [ RunTime:0.001111s ]
INFO: [ view_end ] --END-- [ RunTime:0.001192s ]

[ 2015-05-31T10:21:34+08:00 ] 127.0.0.1 /thinktmp/
INFO: [ app_begin ] --START--
INFO: ReadHtmlCache Behavior ::run [ RunTime:0.001063s ]
INFO: [ app_begin ] --END-- [ RunTime:0.001165s ]

[ 2015-05-31T10:21:34+08:00 ] 127.0.0.1 /thinktmp/
INFO: [ app_begin ] --START--
INFO: ReadHtmlCache Behavior ::run [ RunTime:0.000982s ]
INFO: [ app_begin ] --END-- [ RunTime:0.001090s ]

[ 2015-05-31T10:21:42+08:00 ] 127.0.0.1 /thinktmp/index.php
INFO: [ app_begin ] --START--
INFO: ReadHtmlCache Behavior ::run [ RunTime:0.000862s ]
INFO: [ app_begin ] --END-- [ RunTime:0.000960s ]

[ 2015-05-31T10:22:12+08:00 ] 127.0.0.1 /thinktmp/index.php?a=Index
INFO: [ app_begin ] --START--
INFO: ReadHtmlCache Behavior ::run [ RunTime:0.000893s ]
INFO: [ app_begin ] --END-- [ RunTime:0.000995s ]

[ 2015-05-31T10:24:00+08:00 ] 127.0.0.1 /thinktmp/index.php?m=Index&a=index
INFO: [ app_begin ] --START--
INFO: ReadHtmlCache Behavior ::run [ RunTime:0.001212s ]
INFO: [ app_begin ] --END-- [ RunTime:0.001328s ]

[ 2015-05-31T10:24:08+08:00 ] 127.0.0.1 /thinktmp/index.php?m=Index&a=urlpath
INFO: [ app_begin ] --START--
INFO: ReadHtmlCache Behavior ::run [ RunTime:0.000873s ]
INFO: [ app_begin ] --END-- [ RunTime:0.000975s ]

[ 2015-05-31T10:25:29+08:00 ] 127.0.0.1 /thinktmp/index.php?m=Index&a=urlpath
INFO: [ app_begin ] --START--
INFO: ReadHtmlCache Behavior ::run [ RunTime:0.000888s ]
INFO: [ app_begin ] --END-- [ RunTime:0.000994s ]
NOTIC: [8] Use of undefined constant __PUBLIC__ - assumed '__PUBLIC__' G:\www\thinktmp\app\Lib\Action\IndexAction.class.php 第 10 行.

[ 2015-05-31T10:25:29+08:00 ] 127.0.0.1 /thinktmp/index.php?m=Index&a=urlpath
INFO: [ app_begin ] --START--
INFO: ReadHtmlCache Behavior ::run [ RunTime:0.000843s ]
INFO: [ app_begin ] --END-- [ RunTime:0.000942s ]
NOTIC: [8] Use of undefined constant __PUBLIC__ - assumed '__PUBLIC__' G:\www\thinktmp\app\Lib\Action\IndexAction.class.php 第 10 行.

[ 2015-05-31T10:25:50+08:00 ] 127.0.0.1 /thinktmp/index.php?m=Index&a=urlpath
INFO: [ app_begin ] --START--
INFO: ReadHtmlCache Behavior ::run [ RunTime:0.000863s ]
INFO: [ app_begin ] --END-- [ RunTime:0.000962s ]

[ 2015-05-31T10:25:51+08:00 ] 127.0.0.1 /thinktmp/index.php?m=Index&a=urlpath
INFO: [ app_begin ] --START--
INFO: ReadHtmlCache Behavior ::run [ RunTime:0.000911s ]
INFO: [ app_begin ] --END-- [ RunTime:0.001008s ]

[ 2015-05-31T10:26:24+08:00 ] 127.0.0.1 /thinktmp/index.php?m=Index&a=urlpath
INFO: [ app_begin ] --START--
INFO: ReadHtmlCache Behavior ::run [ RunTime:0.001551s ]
INFO: [ app_begin ] --END-- [ RunTime:0.001696s ]

[ 2015-05-31T10:26:42+08:00 ] 127.0.0.1 /thinktmp/index.php?m=Index&a=urlpath
INFO: [ app_begin ] --START--
INFO: ReadHtmlCache Behavior ::run [ RunTime:0.000965s ]
INFO: [ app_begin ] --END-- [ RunTime:0.001074s ]

[ 2015-05-31T10:29:13+08:00 ] 127.0.0.1 /thinktmp/index.php/Index/index
INFO: [ route_check ] --START--
INFO: CheckRoute Behavior ::run [ RunTime:0.001447s ]
INFO: [ route_check ] --END-- [ RunTime:0.001554s ]
INFO: [ app_begin ] --START--
INFO: ReadHtmlCache Behavior ::run [ RunTime:0.000965s ]
INFO: [ app_begin ] --END-- [ RunTime:0.001047s ]

[ 2015-05-31T10:30:12+08:00 ] 127.0.0.1 /thinktmp/index.php/Index/urlpath
INFO: [ route_check ] --START--
INFO: CheckRoute Behavior ::run [ RunTime:0.001216s ]
INFO: [ route_check ] --END-- [ RunTime:0.001326s ]
INFO: [ app_begin ] --START--
INFO: ReadHtmlCache Behavior ::run [ RunTime:0.001015s ]
INFO: [ app_begin ] --END-- [ RunTime:0.001112s ]

[ 2015-05-31T10:30:43+08:00 ] 127.0.0.1 /thinktmp/index.php/Index/urlpath
INFO: [ route_check ] --START--
INFO: CheckRoute Behavior ::run [ RunTime:0.001333s ]
INFO: [ route_check ] --END-- [ RunTime:0.001449s ]
INFO: [ app_begin ] --START--
INFO: ReadHtmlCache Behavior ::run [ RunTime:0.000944s ]
INFO: [ app_begin ] --END-- [ RunTime:0.001030s ]

[ 2015-05-31T10:55:03+08:00 ] 127.0.0.1 /thinktmp/index.php/Index/urlpath
INFO: [ route_check ] --START--
INFO: CheckRoute Behavior ::run [ RunTime:0.001727s ]
INFO: [ route_check ] --END-- [ RunTime:0.001854s ]
INFO: [ app_begin ] --START--
INFO: ReadHtmlCache Behavior ::run [ RunTime:0.000989s ]
INFO: [ app_begin ] --END-- [ RunTime:0.001075s ]

[ 2015-05-31T10:58:57+08:00 ] 127.0.0.1 /thinktmp/index.php/Index/urlpath
INFO: [ route_check ] --START--
INFO: CheckRoute Behavior ::run [ RunTime:0.001510s ]
INFO: [ route_check ] --END-- [ RunTime:0.001621s ]
INFO: [ app_begin ] --START--
INFO: ReadHtmlCache Behavior ::run [ RunTime:0.001009s ]
INFO: [ app_begin ] --END-- [ RunTime:0.001097s ]

[ 2015-05-31T10:58:59+08:00 ] 127.0.0.1 /thinktmp/index.php/Index/urlpath
INFO: [ route_check ] --START--
INFO: CheckRoute Behavior ::run [ RunTime:0.001298s ]
INFO: [ route_check ] --END-- [ RunTime:0.001420s ]
INFO: [ app_begin ] --START--
INFO: ReadHtmlCache Behavior ::run [ RunTime:0.000978s ]
INFO: [ app_begin ] --END-- [ RunTime:0.001068s ]

[ 2015-05-31T10:59:04+08:00 ] 127.0.0.1 /thinktmp/index.php/Index
INFO: [ route_check ] --START--
INFO: CheckRoute Behavior ::run [ RunTime:0.001288s ]
INFO: [ route_check ] --END-- [ RunTime:0.001400s ]
INFO: [ app_begin ] --START--
INFO: ReadHtmlCache Behavior ::run [ RunTime:0.001262s ]
INFO: [ app_begin ] --END-- [ RunTime:0.001360s ]
ERR: 模板不存在[./app/Tpl/Index/index.html]

[ 2015-05-31T11:00:48+08:00 ] 127.0.0.1 /thinktmp/index.php/Index
INFO: [ route_check ] --START--
INFO: CheckRoute Behavior ::run [ RunTime:0.001266s ]
INFO: [ route_check ] --END-- [ RunTime:0.001403s ]
INFO: [ app_begin ] --START--
INFO: ReadHtmlCache Behavior ::run [ RunTime:0.000844s ]
INFO: [ app_begin ] --END-- [ RunTime:0.000921s ]
INFO: [ view_parse ] --START--
INFO: ParseTemplate Behavior ::run [ RunTime:0.011196s ]
INFO: [ view_parse ] --END-- [ RunTime:0.011324s ]
INFO: [ view_filter ] --START--
INFO: ContentReplace Behavior ::run [ RunTime:0.000859s ]
INFO: TokenBuild Behavior ::run [ RunTime:0.000815s ]
INFO: WriteHtmlCache Behavior ::run [ RunTime:0.000653s ]
INFO: ShowRuntime Behavior ::run [ RunTime:0.000812s ]
INFO: [ view_filter ] --END-- [ RunTime:0.003359s ]
INFO: [ view_end ] --START--
INFO: ShowPageTrace Behavior ::run [ RunTime:0.001021s ]
INFO: [ view_end ] --END-- [ RunTime:0.001103s ]

[ 2015-05-31T11:03:44+08:00 ] 127.0.0.1 /thinktmp/index.php/Index/test
INFO: [ route_check ] --START--
INFO: CheckRoute Behavior ::run [ RunTime:0.001624s ]
INFO: [ route_check ] --END-- [ RunTime:0.001746s ]
INFO: [ app_begin ] --START--
INFO: ReadHtmlCache Behavior ::run [ RunTime:0.001774s ]
INFO: [ app_begin ] --END-- [ RunTime:0.001903s ]

[ 2015-05-31T11:08:16+08:00 ] 127.0.0.1 /thinktmp/index.php/Index/test
INFO: [ route_check ] --START--
INFO: CheckRoute Behavior ::run [ RunTime:0.001980s ]
INFO: [ route_check ] --END-- [ RunTime:0.002101s ]
INFO: [ app_begin ] --START--
INFO: ReadHtmlCache Behavior ::run [ RunTime:0.001030s ]
INFO: [ app_begin ] --END-- [ RunTime:0.001125s ]
ERR: 模板不存在[./app/Tpl/Index/test.html]

[ 2015-05-31T11:14:29+08:00 ] 127.0.0.1 /thinktmp/index.php/Index/test
INFO: [ route_check ] --START--
INFO: CheckRoute Behavior ::run [ RunTime:0.001736s ]
INFO: [ route_check ] --END-- [ RunTime:0.001868s ]
INFO: [ app_begin ] --START--
INFO: ReadHtmlCache Behavior ::run [ RunTime:0.001344s ]
INFO: [ app_begin ] --END-- [ RunTime:0.001430s ]
ERR: 模板不存在[./app/Tpl/Index/test.html]

[ 2015-05-31T11:14:31+08:00 ] 127.0.0.1 /thinktmp/index.php/Index/test
INFO: [ route_check ] --START--
INFO: CheckRoute Behavior ::run [ RunTime:0.001283s ]
INFO: [ route_check ] --END-- [ RunTime:0.001438s ]
INFO: [ app_begin ] --START--
INFO: ReadHtmlCache Behavior ::run [ RunTime:0.000972s ]
INFO: [ app_begin ] --END-- [ RunTime:0.002120s ]
ERR: 模板不存在[./app/Tpl/Index/test.html]

[ 2015-05-31T11:14:32+08:00 ] 127.0.0.1 /thinktmp/index.php/Index/test
INFO: [ route_check ] --START--
INFO: CheckRoute Behavior ::run [ RunTime:0.001276s ]
INFO: [ route_check ] --END-- [ RunTime:0.001390s ]
INFO: [ app_begin ] --START--
INFO: ReadHtmlCache Behavior ::run [ RunTime:0.003498s ]
INFO: [ app_begin ] --END-- [ RunTime:0.003587s ]
ERR: 模板不存在[./app/Tpl/Index/test.html]

[ 2015-05-31T11:14:32+08:00 ] 127.0.0.1 /thinktmp/index.php/Index/test
INFO: [ route_check ] --START--
INFO: CheckRoute Behavior ::run [ RunTime:0.001169s ]
INFO: [ route_check ] --END-- [ RunTime:0.001273s ]
INFO: [ app_begin ] --START--
INFO: ReadHtmlCache Behavior ::run [ RunTime:0.000835s ]
INFO: [ app_begin ] --END-- [ RunTime:0.000913s ]
ERR: 模板不存在[./app/Tpl/Index/test.html]

[ 2015-05-31T11:14:33+08:00 ] 127.0.0.1 /thinktmp/index.php/Index/test
INFO: [ route_check ] --START--
INFO: CheckRoute Behavior ::run [ RunTime:0.001847s ]
INFO: [ route_check ] --END-- [ RunTime:0.001965s ]
INFO: [ app_begin ] --START--
INFO: ReadHtmlCache Behavior ::run [ RunTime:0.000929s ]
INFO: [ app_begin ] --END-- [ RunTime:0.001012s ]
ERR: 模板不存在[./app/Tpl/Index/test.html]

[ 2015-05-31T11:14:33+08:00 ] 127.0.0.1 /thinktmp/index.php/Index/test
INFO: [ route_check ] --START--
INFO: CheckRoute Behavior ::run [ RunTime:0.001194s ]
INFO: [ route_check ] --END-- [ RunTime:0.001306s ]
INFO: [ app_begin ] --START--
INFO: ReadHtmlCache Behavior ::run [ RunTime:0.004161s ]
INFO: [ app_begin ] --END-- [ RunTime:0.004260s ]
ERR: 模板不存在[./app/Tpl/Index/test.html]

[ 2015-05-31T11:14:33+08:00 ] 127.0.0.1 /thinktmp/index.php/Index/test
INFO: [ route_check ] --START--
INFO: CheckRoute Behavior ::run [ RunTime:0.001363s ]
INFO: [ route_check ] --END-- [ RunTime:0.001482s ]
INFO: [ app_begin ] --START--
INFO: ReadHtmlCache Behavior ::run [ RunTime:0.000890s ]
INFO: [ app_begin ] --END-- [ RunTime:0.000973s ]
ERR: 模板不存在[./app/Tpl/Index/test.html]

[ 2015-05-31T11:14:34+08:00 ] 127.0.0.1 /thinktmp/index.php/Index/test
INFO: [ route_check ] --START--
INFO: CheckRoute Behavior ::run [ RunTime:0.001336s ]
INFO: [ route_check ] --END-- [ RunTime:0.001453s ]
INFO: [ app_begin ] --START--
INFO: ReadHtmlCache Behavior ::run [ RunTime:0.001090s ]
INFO: [ app_begin ] --END-- [ RunTime:0.001544s ]
ERR: 模板不存在[./app/Tpl/Index/test.html]

[ 2015-05-31T11:14:38+08:00 ] 127.0.0.1 /thinktmp/index.php/Index/test
INFO: [ route_check ] --START--
INFO: CheckRoute Behavior ::run [ RunTime:0.001855s ]
INFO: [ route_check ] --END-- [ RunTime:0.001982s ]
INFO: [ app_begin ] --START--
INFO: ReadHtmlCache Behavior ::run [ RunTime:0.001527s ]
INFO: [ app_begin ] --END-- [ RunTime:0.001643s ]
ERR: 模板不存在[./app/Tpl/Index/test.html]

[ 2015-05-31T11:14:50+08:00 ] 127.0.0.1 /thinktmp/index.php/User/test
INFO: [ route_check ] --START--
INFO: CheckRoute Behavior ::run [ RunTime:0.001273s ]
INFO: [ route_check ] --END-- [ RunTime:0.001388s ]
INFO: [ app_begin ] --START--
INFO: ReadHtmlCache Behavior ::run [ RunTime:0.001039s ]
INFO: [ app_begin ] --END-- [ RunTime:0.001137s ]
NOTIC: [8] Constant THEME_NAME already defined G:\www\ThinkPHP\Lib\Core\View.class.php 第 223 行.
NOTIC: [8] Constant THEME_PATH already defined G:\www\ThinkPHP\Lib\Core\View.class.php 第 174 行.
NOTIC: [8] Constant APP_TMPL_PATH already defined G:\www\ThinkPHP\Lib\Core\View.class.php 第 175 行.
INFO: [ view_parse ] --START--
NOTIC: [8] Undefined variable: test G:\www\thinktmp\app\Runtime\Cache\0910e656f7e8351adcc0b238e5194aed.php 第 9 行.
INFO: ParseTemplate Behavior ::run [ RunTime:0.012298s ]
INFO: [ view_parse ] --END-- [ RunTime:0.012383s ]
INFO: [ view_filter ] --START--
INFO: ContentReplace Behavior ::run [ RunTime:0.000872s ]
INFO: TokenBuild Behavior ::run [ RunTime:0.002863s ]
INFO: WriteHtmlCache Behavior ::run [ RunTime:0.002558s ]
INFO: ShowRuntime Behavior ::run [ RunTime:0.001064s ]
INFO: [ view_filter ] --END-- [ RunTime:0.007674s ]
INFO: [ view_end ] --START--
INFO: ShowPageTrace Behavior ::run [ RunTime:0.001124s ]
INFO: [ view_end ] --END-- [ RunTime:0.001208s ]

[ 2015-05-31T11:14:53+08:00 ] 127.0.0.1 /thinktmp/index.php/User/test
INFO: [ route_check ] --START--
INFO: CheckRoute Behavior ::run [ RunTime:0.001554s ]
INFO: [ route_check ] --END-- [ RunTime:0.001683s ]
INFO: [ app_begin ] --START--
INFO: ReadHtmlCache Behavior ::run [ RunTime:0.001070s ]
INFO: [ app_begin ] --END-- [ RunTime:0.001159s ]
NOTIC: [8] Constant THEME_NAME already defined G:\www\ThinkPHP\Lib\Core\View.class.php 第 223 行.
NOTIC: [8] Constant THEME_PATH already defined G:\www\ThinkPHP\Lib\Core\View.class.php 第 174 行.
NOTIC: [8] Constant APP_TMPL_PATH already defined G:\www\ThinkPHP\Lib\Core\View.class.php 第 175 行.
INFO: [ view_parse ] --START--
NOTIC: [8] Undefined variable: test G:\www\thinktmp\app\Runtime\Cache\0910e656f7e8351adcc0b238e5194aed.php 第 9 行.
INFO: ParseTemplate Behavior ::run [ RunTime:0.019757s ]
INFO: [ view_parse ] --END-- [ RunTime:0.019840s ]
INFO: [ view_filter ] --START--
INFO: ContentReplace Behavior ::run [ RunTime:0.000724s ]
INFO: TokenBuild Behavior ::run [ RunTime:0.000867s ]
INFO: WriteHtmlCache Behavior ::run [ RunTime:0.000573s ]
INFO: ShowRuntime Behavior ::run [ RunTime:0.000882s ]
INFO: [ view_filter ] --END-- [ RunTime:0.003291s ]
INFO: [ view_end ] --START--
INFO: ShowPageTrace Behavior ::run [ RunTime:0.001074s ]
INFO: [ view_end ] --END-- [ RunTime:0.001184s ]

[ 2015-05-31T11:15:56+08:00 ] 127.0.0.1 /thinktmp/index.php/User/test
INFO: [ route_check ] --START--
INFO: CheckRoute Behavior ::run [ RunTime:0.001251s ]
INFO: [ route_check ] --END-- [ RunTime:0.001363s ]
INFO: [ app_begin ] --START--
INFO: ReadHtmlCache Behavior ::run [ RunTime:0.000940s ]
INFO: [ app_begin ] --END-- [ RunTime:0.001071s ]
ERR: 非法操作:test

[ 2015-05-31T11:16:22+08:00 ] 127.0.0.1 /thinktmp/index.php/Index/test
INFO: [ route_check ] --START--
INFO: CheckRoute Behavior ::run [ RunTime:0.001330s ]
INFO: [ route_check ] --END-- [ RunTime:0.001441s ]
INFO: [ app_begin ] --START--
INFO: ReadHtmlCache Behavior ::run [ RunTime:0.001000s ]
INFO: [ app_begin ] --END-- [ RunTime:0.001094s ]
INFO: [ view_parse ] --START--
INFO: ParseTemplate Behavior ::run [ RunTime:0.010874s ]
INFO: [ view_parse ] --END-- [ RunTime:0.010982s ]
INFO: [ view_filter ] --START--
INFO: ContentReplace Behavior ::run [ RunTime:0.000660s ]
INFO: TokenBuild Behavior ::run [ RunTime:0.000645s ]
INFO: WriteHtmlCache Behavior ::run [ RunTime:0.000532s ]
INFO: ShowRuntime Behavior ::run [ RunTime:0.000820s ]
INFO: [ view_filter ] --END-- [ RunTime:0.002873s ]
INFO: [ view_end ] --START--
INFO: ShowPageTrace Behavior ::run [ RunTime:0.001376s ]
INFO: [ view_end ] --END-- [ RunTime:0.001457s ]

[ 2015-05-31T11:16:24+08:00 ] 127.0.0.1 /thinktmp/index.php/Index/test
INFO: [ route_check ] --START--
INFO: CheckRoute Behavior ::run [ RunTime:0.001474s ]
INFO: [ route_check ] --END-- [ RunTime:0.001606s ]
INFO: [ app_begin ] --START--
INFO: ReadHtmlCache Behavior ::run [ RunTime:0.001278s ]
INFO: [ app_begin ] --END-- [ RunTime:0.001383s ]
INFO: [ view_parse ] --START--
INFO: ParseTemplate Behavior ::run [ RunTime:0.009207s ]
INFO: [ view_parse ] --END-- [ RunTime:0.009315s ]
INFO: [ view_filter ] --START--
INFO: ContentReplace Behavior ::run [ RunTime:0.000633s ]
INFO: TokenBuild Behavior ::run [ RunTime:0.004778s ]
INFO: WriteHtmlCache Behavior ::run [ RunTime:0.000837s ]
INFO: ShowRuntime Behavior ::run [ RunTime:0.000822s ]
INFO: [ view_filter ] --END-- [ RunTime:0.007316s ]
INFO: [ view_end ] --START--
INFO: ShowPageTrace Behavior ::run [ RunTime:0.001022s ]
INFO: [ view_end ] --END-- [ RunTime:0.001107s ]

